TEST RESULTS

    1: soft failing tests
   27: failing tests
   89: passing tests
  117: total tests


TEST RESULTS (for ../tests/step1_read_print.mal):
    1: soft failing tests
   21: failing tests
   95: passing tests
  117: total tests

TEST RESULTS (for ../tests/step1_read_print.mal):
    1: soft failing tests
    9: failing tests
  107: passing tests
  117: total tests

FAILURES:
FAILED TEST (line 82): "abc\"def" -> ['',"abc\"def"]:
    Expected : '.*\n"abc\\\\"def"'
    Got      : '"abc\\"def"\n"abc\\\\"def"'
FAILED TEST (line 150): "\" -> ['.*(EOF|end of input|unbalanced).*',]:
    Expected : '.*\n.*(EOF|end of input|unbalanced).*'
    Got      : '"\\"\n"\\\\"'
FAILED TEST (line 152): "\\\\\\\\\\\\\\\\\\\" -> ['.*(EOF|end of input|unbalanced).*',]:
    Expected : '.*\n.*(EOF|end of input|unbalanced).*'
    Got      : '"\\\\\\\\\\\\\\\\\\\\\\\\\\\\\\\\\\\\\\"\n"\\\\\\\\\\\\\\\\\\\\\\\\\\\\\\\\\\\\\\\\"'
SOFT FAILED TEST (line 241): ^{"a" 1} [1 2 3] -> ['',(with-meta [1 2 3] {"a" 1})]:
    Expected : '.*\n\\(with\\-meta\\ \\[1\\ 2\\ 3\\]\\ \\{"a"\\ 1\\}\\)'
    Got      : '^{"a" 1} [1 2 3]\n^'

TEST RESULTS (for ../tests/step1_read_print.mal):
    1: soft failing tests
    3: failing tests
  113: passing tests
  117: total tests

FAILURES:
FAILED TEST (line 150): "\" -> ['.*(EOF|end of input|unbalanced).*',]:
    Expected : '.*\n.*(EOF|end of input|unbalanced).*'
    Got      : '"\\"\n"\\\\"'
FAILED TEST (line 152): "\\\\\\\\\\\\\\\\\\\" -> ['.*(EOF|end of input|unbalanced).*',]:
    Expected : '.*\n.*(EOF|end of input|unbalanced).*'
    Got      : '"\\\\\\\\\\\\\\\\\\\\\\\\\\\\\\\\\\\\\\"\n"\\\\\\\\\\\\\\\\\\\\\\\\\\\\\\\\\\\\\\\\"'
SOFT FAILED TEST (line 241): ^{"a" 1} [1 2 3] -> ['',(with-meta [1 2 3] {"a" 1})]:
    Expected : '.*\n\\(with\\-meta\\ \\[1\\ 2\\ 3\\]\\ \\{"a"\\ 1\\}\\)'
    Got      : '^{"a" 1} [1 2 3]\n^'

TEST RESULTS (for ../tests/step1_read_print.mal):
    1: soft failing tests
    2: failing tests
  114: passing tests
  117: total tests

